2022-01-15 18:49:01,856:INFO:PyCaret Supervised Module
2022-01-15 18:49:01,857:INFO:ML Usecase: classification
2022-01-15 18:49:01,857:INFO:version 2.3.6
2022-01-15 18:49:01,857:INFO:Initializing setup()
2022-01-15 18:49:01,857:INFO:setup(target=turnover, ml_usecase=classification, available_plots={'parameter': 'Hyperparameters', 'auc': 'AUC', 'confusion_matrix': 'Confusion Matrix', 'threshold': 'Threshold', 'pr': 'Precision Recall', 'error': 'Prediction Error', 'class_report': 'Class Report', 'rfe': 'Feature Selection', 'learning': 'Learning Curve', 'manifold': 'Manifold Learning', 'calibration': 'Calibration Curve', 'vc': 'Validation Curve', 'dimension': 'Dimensions', 'feature': 'Feature Importance', 'feature_all': 'Feature Importance (All)', 'boundary': 'Decision Boundary', 'lift': 'Lift Chart', 'gain': 'Gain Chart', 'tree': 'Decision Tree', 'ks': 'KS Statistic Plot'}, train_size=0.7, test_data=None, preprocess=True, imputation_type=simple, iterative_imputation_iters=5, categorical_features=None, categorical_imputation=constant, categorical_iterative_imputer=lightgbm, ordinal_features=None, high_cardinality_features=None, high_cardinality_method=frequency, numeric_features=['yearsAtCompany'], numeric_imputation=mean, numeric_iterative_imputer=lightgbm, date_features=None, ignore_features=None, normalize=True, normalize_method=minmax, transformation=False, transformation_method=yeo-johnson, handle_unknown_categorical=True, unknown_categorical_method=least_frequent, pca=False, pca_method=linear, pca_components=None, ignore_low_variance=False, combine_rare_levels=False, rare_level_threshold=0.1, bin_numeric_features=None, remove_outliers=False, outliers_threshold=0.05, remove_multicollinearity=False, multicollinearity_threshold=0.9, remove_perfect_collinearity=True, create_clusters=False, cluster_iter=20, polynomial_features=False, polynomial_degree=2, trigonometry_features=False, polynomial_threshold=0.1, group_features=None, group_names=None, feature_selection=False, feature_selection_threshold=0.8, feature_selection_method=classic, feature_interaction=False, feature_ratio=False, interaction_threshold=0.01, fix_imbalance=True, fix_imbalance_method=None, transform_target=False, transform_target_method=box-cox, data_split_shuffle=True, data_split_stratify=True, fold_strategy=stratifiedkfold, fold=10, fold_shuffle=False, fold_groups=None, n_jobs=-1, use_gpu=False, custom_pipeline=None, html=True, session_id=None, log_experiment=False, experiment_name=None, log_plots=False, log_profile=False, log_data=False, silent=False, verbose=True, profile=False, profile_kwargs=None, display=None)
2022-01-15 18:49:01,858:INFO:Checking environment
2022-01-15 18:49:01,858:INFO:python_version: 3.8.8
2022-01-15 18:49:01,858:INFO:python_build: ('default', 'Apr 13 2021 15:08:03')
2022-01-15 18:49:01,858:INFO:machine: AMD64
2022-01-15 18:49:01,858:INFO:platform: Windows-10-10.0.19041-SP0
2022-01-15 18:49:01,858:INFO:Memory: svmem(total=8352567296, available=966795264, percent=88.4, used=7385772032, free=966795264)
2022-01-15 18:49:01,858:INFO:Physical Core: 4
2022-01-15 18:49:01,859:INFO:Logical Core: 8
2022-01-15 18:49:01,859:INFO:Checking libraries
2022-01-15 18:49:01,859:INFO:pd==1.2.4
2022-01-15 18:49:01,859:INFO:numpy==1.20.1
2022-01-15 18:49:01,859:INFO:sklearn==0.24.1
2022-01-15 18:50:43,647:INFO:PyCaret Supervised Module
2022-01-15 18:50:43,648:INFO:ML Usecase: classification
2022-01-15 18:50:43,648:INFO:version 2.3.6
2022-01-15 18:50:43,648:INFO:Initializing setup()
2022-01-15 18:50:43,648:INFO:setup(target=turnover, ml_usecase=classification, available_plots={'parameter': 'Hyperparameters', 'auc': 'AUC', 'confusion_matrix': 'Confusion Matrix', 'threshold': 'Threshold', 'pr': 'Precision Recall', 'error': 'Prediction Error', 'class_report': 'Class Report', 'rfe': 'Feature Selection', 'learning': 'Learning Curve', 'manifold': 'Manifold Learning', 'calibration': 'Calibration Curve', 'vc': 'Validation Curve', 'dimension': 'Dimensions', 'feature': 'Feature Importance', 'feature_all': 'Feature Importance (All)', 'boundary': 'Decision Boundary', 'lift': 'Lift Chart', 'gain': 'Gain Chart', 'tree': 'Decision Tree', 'ks': 'KS Statistic Plot'}, train_size=0.7, test_data=None, preprocess=True, imputation_type=simple, iterative_imputation_iters=5, categorical_features=None, categorical_imputation=constant, categorical_iterative_imputer=lightgbm, ordinal_features=None, high_cardinality_features=None, high_cardinality_method=frequency, numeric_features=['yearsAtCompany'], numeric_imputation=mean, numeric_iterative_imputer=lightgbm, date_features=None, ignore_features=None, normalize=True, normalize_method=minmax, transformation=False, transformation_method=yeo-johnson, handle_unknown_categorical=True, unknown_categorical_method=least_frequent, pca=False, pca_method=linear, pca_components=None, ignore_low_variance=False, combine_rare_levels=False, rare_level_threshold=0.1, bin_numeric_features=None, remove_outliers=False, outliers_threshold=0.05, remove_multicollinearity=False, multicollinearity_threshold=0.9, remove_perfect_collinearity=True, create_clusters=False, cluster_iter=20, polynomial_features=False, polynomial_degree=2, trigonometry_features=False, polynomial_threshold=0.1, group_features=None, group_names=None, feature_selection=False, feature_selection_threshold=0.8, feature_selection_method=classic, feature_interaction=False, feature_ratio=False, interaction_threshold=0.01, fix_imbalance=True, fix_imbalance_method=None, transform_target=False, transform_target_method=box-cox, data_split_shuffle=True, data_split_stratify=True, fold_strategy=stratifiedkfold, fold=10, fold_shuffle=False, fold_groups=None, n_jobs=-1, use_gpu=False, custom_pipeline=None, html=True, session_id=None, log_experiment=False, experiment_name=None, log_plots=False, log_profile=False, log_data=False, silent=False, verbose=True, profile=False, profile_kwargs=None, display=None)
2022-01-15 18:50:43,649:INFO:Checking environment
2022-01-15 18:50:43,649:INFO:python_version: 3.8.8
2022-01-15 18:50:43,649:INFO:python_build: ('default', 'Apr 13 2021 15:08:03')
2022-01-15 18:50:43,649:INFO:machine: AMD64
2022-01-15 18:50:43,649:INFO:platform: Windows-10-10.0.19041-SP0
2022-01-15 18:50:43,650:INFO:Memory: svmem(total=8352567296, available=910503936, percent=89.1, used=7442063360, free=910503936)
2022-01-15 18:50:43,650:INFO:Physical Core: 4
2022-01-15 18:50:43,650:INFO:Logical Core: 8
2022-01-15 18:50:43,650:INFO:Checking libraries
2022-01-15 18:50:43,650:INFO:pd==1.2.4
2022-01-15 18:50:43,650:INFO:numpy==1.20.1
2022-01-15 18:50:43,650:INFO:sklearn==0.24.1
2022-01-15 18:53:35,379:INFO:PyCaret Supervised Module
2022-01-15 18:53:35,379:INFO:ML Usecase: classification
2022-01-15 18:53:35,379:INFO:version 2.3.6
2022-01-15 18:53:35,379:INFO:Initializing setup()
2022-01-15 18:53:35,380:INFO:setup(target=turnover, ml_usecase=classification, available_plots={'parameter': 'Hyperparameters', 'auc': 'AUC', 'confusion_matrix': 'Confusion Matrix', 'threshold': 'Threshold', 'pr': 'Precision Recall', 'error': 'Prediction Error', 'class_report': 'Class Report', 'rfe': 'Feature Selection', 'learning': 'Learning Curve', 'manifold': 'Manifold Learning', 'calibration': 'Calibration Curve', 'vc': 'Validation Curve', 'dimension': 'Dimensions', 'feature': 'Feature Importance', 'feature_all': 'Feature Importance (All)', 'boundary': 'Decision Boundary', 'lift': 'Lift Chart', 'gain': 'Gain Chart', 'tree': 'Decision Tree', 'ks': 'KS Statistic Plot'}, train_size=0.7, test_data=None, preprocess=True, imputation_type=simple, iterative_imputation_iters=5, categorical_features=None, categorical_imputation=constant, categorical_iterative_imputer=lightgbm, ordinal_features=None, high_cardinality_features=None, high_cardinality_method=frequency, numeric_features=['yearsAtCompany'], numeric_imputation=mean, numeric_iterative_imputer=lightgbm, date_features=None, ignore_features=None, normalize=True, normalize_method=minmax, transformation=False, transformation_method=yeo-johnson, handle_unknown_categorical=True, unknown_categorical_method=least_frequent, pca=False, pca_method=linear, pca_components=None, ignore_low_variance=False, combine_rare_levels=False, rare_level_threshold=0.1, bin_numeric_features=None, remove_outliers=False, outliers_threshold=0.05, remove_multicollinearity=False, multicollinearity_threshold=0.9, remove_perfect_collinearity=True, create_clusters=False, cluster_iter=20, polynomial_features=False, polynomial_degree=2, trigonometry_features=False, polynomial_threshold=0.1, group_features=None, group_names=None, feature_selection=False, feature_selection_threshold=0.8, feature_selection_method=classic, feature_interaction=False, feature_ratio=False, interaction_threshold=0.01, fix_imbalance=True, fix_imbalance_method=None, transform_target=False, transform_target_method=box-cox, data_split_shuffle=True, data_split_stratify=True, fold_strategy=stratifiedkfold, fold=10, fold_shuffle=False, fold_groups=None, n_jobs=-1, use_gpu=False, custom_pipeline=None, html=True, session_id=None, log_experiment=False, experiment_name=None, log_plots=False, log_profile=False, log_data=False, silent=False, verbose=True, profile=False, profile_kwargs=None, display=None)
2022-01-15 18:53:35,380:INFO:Checking environment
2022-01-15 18:53:35,380:INFO:python_version: 3.8.8
2022-01-15 18:53:35,380:INFO:python_build: ('default', 'Apr 13 2021 15:08:03')
2022-01-15 18:53:35,380:INFO:machine: AMD64
2022-01-15 18:53:35,381:INFO:platform: Windows-10-10.0.19041-SP0
2022-01-15 18:53:35,381:INFO:Memory: svmem(total=8352567296, available=892399616, percent=89.3, used=7460167680, free=892399616)
2022-01-15 18:53:35,381:INFO:Physical Core: 4
2022-01-15 18:53:35,381:INFO:Logical Core: 8
2022-01-15 18:53:35,381:INFO:Checking libraries
2022-01-15 18:53:35,381:INFO:pd==1.2.4
2022-01-15 18:53:35,381:INFO:numpy==1.20.1
2022-01-15 18:53:35,381:INFO:sklearn==0.24.1
2022-01-15 19:02:41,626:INFO:PyCaret Supervised Module
2022-01-15 19:02:41,627:INFO:ML Usecase: classification
2022-01-15 19:02:41,627:INFO:version 2.3.6
2022-01-15 19:02:41,627:INFO:Initializing setup()
2022-01-15 19:02:41,628:INFO:setup(target=turnover, ml_usecase=classification, available_plots={'parameter': 'Hyperparameters', 'auc': 'AUC', 'confusion_matrix': 'Confusion Matrix', 'threshold': 'Threshold', 'pr': 'Precision Recall', 'error': 'Prediction Error', 'class_report': 'Class Report', 'rfe': 'Feature Selection', 'learning': 'Learning Curve', 'manifold': 'Manifold Learning', 'calibration': 'Calibration Curve', 'vc': 'Validation Curve', 'dimension': 'Dimensions', 'feature': 'Feature Importance', 'feature_all': 'Feature Importance (All)', 'boundary': 'Decision Boundary', 'lift': 'Lift Chart', 'gain': 'Gain Chart', 'tree': 'Decision Tree', 'ks': 'KS Statistic Plot'}, train_size=0.7, test_data=None, preprocess=True, imputation_type=simple, iterative_imputation_iters=5, categorical_features=None, categorical_imputation=constant, categorical_iterative_imputer=lightgbm, ordinal_features=None, high_cardinality_features=None, high_cardinality_method=frequency, numeric_features=['yearsAtCompany'], numeric_imputation=mean, numeric_iterative_imputer=lightgbm, date_features=None, ignore_features=None, normalize=True, normalize_method=minmax, transformation=False, transformation_method=yeo-johnson, handle_unknown_categorical=True, unknown_categorical_method=least_frequent, pca=False, pca_method=linear, pca_components=None, ignore_low_variance=False, combine_rare_levels=False, rare_level_threshold=0.1, bin_numeric_features=None, remove_outliers=False, outliers_threshold=0.05, remove_multicollinearity=False, multicollinearity_threshold=0.9, remove_perfect_collinearity=True, create_clusters=False, cluster_iter=20, polynomial_features=False, polynomial_degree=2, trigonometry_features=False, polynomial_threshold=0.1, group_features=None, group_names=None, feature_selection=False, feature_selection_threshold=0.8, feature_selection_method=classic, feature_interaction=False, feature_ratio=False, interaction_threshold=0.01, fix_imbalance=True, fix_imbalance_method=None, transform_target=False, transform_target_method=box-cox, data_split_shuffle=True, data_split_stratify=True, fold_strategy=stratifiedkfold, fold=10, fold_shuffle=False, fold_groups=None, n_jobs=-1, use_gpu=False, custom_pipeline=None, html=True, session_id=None, log_experiment=False, experiment_name=None, log_plots=False, log_profile=False, log_data=False, silent=False, verbose=True, profile=False, profile_kwargs=None, display=None)
2022-01-15 19:02:41,628:INFO:Checking environment
2022-01-15 19:02:41,628:INFO:python_version: 3.8.8
2022-01-15 19:02:41,628:INFO:python_build: ('default', 'Apr 13 2021 15:08:03')
2022-01-15 19:02:41,628:INFO:machine: AMD64
2022-01-15 19:02:41,628:INFO:platform: Windows-10-10.0.19041-SP0
2022-01-15 19:02:41,629:INFO:Memory: svmem(total=8352567296, available=882024448, percent=89.4, used=7470542848, free=882024448)
2022-01-15 19:02:41,629:INFO:Physical Core: 4
2022-01-15 19:02:41,629:INFO:Logical Core: 8
2022-01-15 19:02:41,629:INFO:Checking libraries
2022-01-15 19:02:41,629:INFO:pd==1.2.4
2022-01-15 19:02:41,629:INFO:numpy==1.20.1
2022-01-15 19:02:41,629:INFO:sklearn==0.24.1
2022-01-15 19:03:44,016:INFO:PyCaret Supervised Module
2022-01-15 19:03:44,016:INFO:ML Usecase: classification
2022-01-15 19:03:44,016:INFO:version 2.3.6
2022-01-15 19:03:44,017:INFO:Initializing setup()
2022-01-15 19:03:44,017:INFO:setup(target=turnover, ml_usecase=classification, available_plots={'parameter': 'Hyperparameters', 'auc': 'AUC', 'confusion_matrix': 'Confusion Matrix', 'threshold': 'Threshold', 'pr': 'Precision Recall', 'error': 'Prediction Error', 'class_report': 'Class Report', 'rfe': 'Feature Selection', 'learning': 'Learning Curve', 'manifold': 'Manifold Learning', 'calibration': 'Calibration Curve', 'vc': 'Validation Curve', 'dimension': 'Dimensions', 'feature': 'Feature Importance', 'feature_all': 'Feature Importance (All)', 'boundary': 'Decision Boundary', 'lift': 'Lift Chart', 'gain': 'Gain Chart', 'tree': 'Decision Tree', 'ks': 'KS Statistic Plot'}, train_size=0.7, test_data=None, preprocess=True, imputation_type=simple, iterative_imputation_iters=5, categorical_features=None, categorical_imputation=constant, categorical_iterative_imputer=lightgbm, ordinal_features=None, high_cardinality_features=None, high_cardinality_method=frequency, numeric_features=['yearsAtCompany'], numeric_imputation=mean, numeric_iterative_imputer=lightgbm, date_features=None, ignore_features=None, normalize=True, normalize_method=minmax, transformation=False, transformation_method=yeo-johnson, handle_unknown_categorical=True, unknown_categorical_method=least_frequent, pca=False, pca_method=linear, pca_components=None, ignore_low_variance=False, combine_rare_levels=False, rare_level_threshold=0.1, bin_numeric_features=None, remove_outliers=False, outliers_threshold=0.05, remove_multicollinearity=False, multicollinearity_threshold=0.9, remove_perfect_collinearity=True, create_clusters=False, cluster_iter=20, polynomial_features=False, polynomial_degree=2, trigonometry_features=False, polynomial_threshold=0.1, group_features=None, group_names=None, feature_selection=False, feature_selection_threshold=0.8, feature_selection_method=classic, feature_interaction=False, feature_ratio=False, interaction_threshold=0.01, fix_imbalance=True, fix_imbalance_method=None, transform_target=False, transform_target_method=box-cox, data_split_shuffle=True, data_split_stratify=True, fold_strategy=stratifiedkfold, fold=10, fold_shuffle=False, fold_groups=None, n_jobs=-1, use_gpu=False, custom_pipeline=None, html=True, session_id=None, log_experiment=False, experiment_name=None, log_plots=False, log_profile=False, log_data=False, silent=False, verbose=True, profile=False, profile_kwargs=None, display=None)
2022-01-15 19:03:44,017:INFO:Checking environment
2022-01-15 19:03:44,017:INFO:python_version: 3.8.8
2022-01-15 19:03:44,017:INFO:python_build: ('default', 'Apr 13 2021 15:08:03')
2022-01-15 19:03:44,018:INFO:machine: AMD64
2022-01-15 19:03:44,018:INFO:platform: Windows-10-10.0.19041-SP0
2022-01-15 19:03:44,018:INFO:Memory: svmem(total=8352567296, available=816955392, percent=90.2, used=7535611904, free=816955392)
2022-01-15 19:03:44,018:INFO:Physical Core: 4
2022-01-15 19:03:44,018:INFO:Logical Core: 8
2022-01-15 19:03:44,019:INFO:Checking libraries
2022-01-15 19:03:44,019:INFO:pd==1.2.4
2022-01-15 19:03:44,019:INFO:numpy==1.20.1
2022-01-15 19:03:44,019:INFO:sklearn==0.24.1
2022-01-15 19:06:33,298:INFO:PyCaret Supervised Module
2022-01-15 19:06:33,298:INFO:ML Usecase: classification
2022-01-15 19:06:33,298:INFO:version 2.3.6
2022-01-15 19:06:33,298:INFO:Initializing setup()
2022-01-15 19:06:33,299:INFO:setup(target=turnover, ml_usecase=classification, available_plots={'parameter': 'Hyperparameters', 'auc': 'AUC', 'confusion_matrix': 'Confusion Matrix', 'threshold': 'Threshold', 'pr': 'Precision Recall', 'error': 'Prediction Error', 'class_report': 'Class Report', 'rfe': 'Feature Selection', 'learning': 'Learning Curve', 'manifold': 'Manifold Learning', 'calibration': 'Calibration Curve', 'vc': 'Validation Curve', 'dimension': 'Dimensions', 'feature': 'Feature Importance', 'feature_all': 'Feature Importance (All)', 'boundary': 'Decision Boundary', 'lift': 'Lift Chart', 'gain': 'Gain Chart', 'tree': 'Decision Tree', 'ks': 'KS Statistic Plot'}, train_size=0.7, test_data=None, preprocess=True, imputation_type=simple, iterative_imputation_iters=5, categorical_features=None, categorical_imputation=constant, categorical_iterative_imputer=lightgbm, ordinal_features=None, high_cardinality_features=None, high_cardinality_method=frequency, numeric_features=['yearsAtCompany'], numeric_imputation=mean, numeric_iterative_imputer=lightgbm, date_features=None, ignore_features=None, normalize=True, normalize_method=minmax, transformation=False, transformation_method=yeo-johnson, handle_unknown_categorical=True, unknown_categorical_method=least_frequent, pca=False, pca_method=linear, pca_components=None, ignore_low_variance=False, combine_rare_levels=False, rare_level_threshold=0.1, bin_numeric_features=None, remove_outliers=False, outliers_threshold=0.05, remove_multicollinearity=False, multicollinearity_threshold=0.9, remove_perfect_collinearity=True, create_clusters=False, cluster_iter=20, polynomial_features=False, polynomial_degree=2, trigonometry_features=False, polynomial_threshold=0.1, group_features=None, group_names=None, feature_selection=False, feature_selection_threshold=0.8, feature_selection_method=classic, feature_interaction=False, feature_ratio=False, interaction_threshold=0.01, fix_imbalance=True, fix_imbalance_method=None, transform_target=False, transform_target_method=box-cox, data_split_shuffle=True, data_split_stratify=True, fold_strategy=stratifiedkfold, fold=10, fold_shuffle=False, fold_groups=None, n_jobs=-1, use_gpu=False, custom_pipeline=None, html=True, session_id=None, log_experiment=False, experiment_name=None, log_plots=False, log_profile=False, log_data=False, silent=False, verbose=True, profile=False, profile_kwargs=None, display=None)
2022-01-15 19:06:33,299:INFO:Checking environment
2022-01-15 19:06:33,299:INFO:python_version: 3.8.8
2022-01-15 19:06:33,299:INFO:python_build: ('default', 'Apr 13 2021 15:08:03')
2022-01-15 19:06:33,299:INFO:machine: AMD64
2022-01-15 19:06:33,299:INFO:platform: Windows-10-10.0.19041-SP0
2022-01-15 19:06:33,299:INFO:Memory: svmem(total=8352567296, available=1044279296, percent=87.5, used=7308288000, free=1044279296)
2022-01-15 19:06:33,299:INFO:Physical Core: 4
2022-01-15 19:06:33,299:INFO:Logical Core: 8
2022-01-15 19:06:33,300:INFO:Checking libraries
2022-01-15 19:06:33,300:INFO:pd==1.2.4
2022-01-15 19:06:33,300:INFO:numpy==1.20.1
2022-01-15 19:06:33,300:INFO:sklearn==0.24.1
2022-01-16 13:32:42,882:INFO:PyCaret Supervised Module
2022-01-16 13:32:42,907:INFO:ML Usecase: classification
2022-01-16 13:32:42,907:INFO:version 2.3.6
2022-01-16 13:32:42,907:INFO:Initializing setup()
2022-01-16 13:32:42,908:INFO:setup(target=turnover, ml_usecase=classification, available_plots={'parameter': 'Hyperparameters', 'auc': 'AUC', 'confusion_matrix': 'Confusion Matrix', 'threshold': 'Threshold', 'pr': 'Precision Recall', 'error': 'Prediction Error', 'class_report': 'Class Report', 'rfe': 'Feature Selection', 'learning': 'Learning Curve', 'manifold': 'Manifold Learning', 'calibration': 'Calibration Curve', 'vc': 'Validation Curve', 'dimension': 'Dimensions', 'feature': 'Feature Importance', 'feature_all': 'Feature Importance (All)', 'boundary': 'Decision Boundary', 'lift': 'Lift Chart', 'gain': 'Gain Chart', 'tree': 'Decision Tree', 'ks': 'KS Statistic Plot'}, train_size=0.7, test_data=None, preprocess=True, imputation_type=simple, iterative_imputation_iters=5, categorical_features=None, categorical_imputation=constant, categorical_iterative_imputer=lightgbm, ordinal_features=None, high_cardinality_features=None, high_cardinality_method=frequency, numeric_features=['yearsAtCompany'], numeric_imputation=mean, numeric_iterative_imputer=lightgbm, date_features=None, ignore_features=None, normalize=True, normalize_method=minmax, transformation=False, transformation_method=yeo-johnson, handle_unknown_categorical=True, unknown_categorical_method=least_frequent, pca=False, pca_method=linear, pca_components=None, ignore_low_variance=False, combine_rare_levels=False, rare_level_threshold=0.1, bin_numeric_features=None, remove_outliers=False, outliers_threshold=0.05, remove_multicollinearity=False, multicollinearity_threshold=0.9, remove_perfect_collinearity=True, create_clusters=False, cluster_iter=20, polynomial_features=False, polynomial_degree=2, trigonometry_features=False, polynomial_threshold=0.1, group_features=None, group_names=None, feature_selection=False, feature_selection_threshold=0.8, feature_selection_method=classic, feature_interaction=False, feature_ratio=False, interaction_threshold=0.01, fix_imbalance=True, fix_imbalance_method=None, transform_target=False, transform_target_method=box-cox, data_split_shuffle=True, data_split_stratify=True, fold_strategy=stratifiedkfold, fold=10, fold_shuffle=False, fold_groups=None, n_jobs=-1, use_gpu=False, custom_pipeline=None, html=True, session_id=None, log_experiment=False, experiment_name=None, log_plots=False, log_profile=False, log_data=False, silent=False, verbose=True, profile=False, profile_kwargs=None, display=None)
2022-01-16 13:32:42,908:INFO:Checking environment
2022-01-16 13:32:42,908:INFO:python_version: 3.8.8
2022-01-16 13:32:42,908:INFO:python_build: ('default', 'Apr 13 2021 15:08:03')
2022-01-16 13:32:42,908:INFO:machine: AMD64
2022-01-16 13:32:42,908:INFO:platform: Windows-10-10.0.19041-SP0
2022-01-16 13:32:42,908:INFO:Memory: svmem(total=8352567296, available=1465491456, percent=82.5, used=6887075840, free=1465491456)
2022-01-16 13:32:42,909:INFO:Physical Core: 4
2022-01-16 13:32:42,909:INFO:Logical Core: 8
2022-01-16 13:32:42,909:INFO:Checking libraries
2022-01-16 13:32:42,909:INFO:pd==1.2.4
2022-01-16 13:32:42,909:INFO:numpy==1.19.5
2022-01-16 13:32:42,909:INFO:sklearn==0.23.2
2022-01-16 13:32:42,909:INFO:lightgbm==3.3.2
2022-01-16 13:32:42,909:WARNING:catboost not found
2022-01-16 13:32:42,910:WARNING:xgboost not found
2022-01-16 13:32:43,637:INFO:mlflow==1.22.0
2022-01-16 13:32:43,638:INFO:Checking Exceptions
2022-01-16 13:32:43,638:INFO:Declaring global variables
2022-01-16 13:32:43,638:INFO:USI: 5d05
2022-01-16 13:32:43,638:INFO:pycaret_globals: {'transform_target_param', 'create_model_container', 'transform_target_method_param', 'y', 'X_test', 'master_model_container', 'fix_imbalance_param', 'fix_imbalance_method_param', 'logging_param', '_all_metrics', 'X', 'data_before_preprocess', 'stratify_param', 'experiment__', 'fold_groups_param_full', 'USI', 'seed', '_gpu_n_jobs_param', 'imputation_regressor', '_all_models', 'html_param', 'fold_shuffle_param', 'X_train', 'display_container', 'fold_groups_param', '_all_models_internal', 'imputation_classifier', 'target_param', '_ml_usecase', '_internal_pipeline', 'pycaret_globals', 'fold_param', 'gpu_param', 'exp_name_log', 'n_jobs_param', 'log_plots_param', 'iterative_imputation_iters_param', 'fold_generator', 'prep_pipe', '_available_plots', 'y_test', 'y_train'}
2022-01-16 13:32:43,638:INFO:Preparing display monitor
2022-01-16 13:32:43,638:INFO:Preparing display monitor
2022-01-16 13:32:43,657:INFO:Importing libraries
2022-01-16 13:32:43,657:INFO:Copying data for preprocessing
2022-01-16 13:32:43,668:INFO:Declaring preprocessing parameters
2022-01-16 13:32:43,670:INFO:Creating preprocessing pipeline
2022-01-16 13:32:43,682:INFO:Preprocessing pipeline created successfully
2022-01-16 13:32:43,683:ERROR:(Process Exit): setup has been interupted with user command 'quit'. setup must rerun.
2022-01-16 13:32:43,683:INFO:Creating global containers
2022-01-16 13:32:43,685:INFO:Internal pipeline: Pipeline(memory=None,
         steps=[('fix_imbalance',
                 SMOTE(k_neighbors=5, n_jobs=None, random_state=4314,
                       sampling_strategy='auto'))],
         verbose=False)
2022-01-16 13:40:30,138:WARNING:Couldn't import xgboost.XGBClassifier
2022-01-16 13:40:30,141:WARNING:Couldn't import catboost.CatBoostClassifier
2022-01-16 13:40:30,250:WARNING:Couldn't import xgboost.XGBClassifier
2022-01-16 13:40:30,250:WARNING:Couldn't import catboost.CatBoostClassifier
2022-01-16 13:40:30,253:INFO:Creating grid variables
2022-01-16 13:40:30,280:INFO:create_model_container: 0
2022-01-16 13:40:30,281:INFO:master_model_container: 0
2022-01-16 13:40:30,281:INFO:display_container: 1
2022-01-16 13:40:30,287:INFO:Pipeline(memory=None,
         steps=[('dtypes',
                 DataTypes_Auto_infer(categorical_features=[],
                                      display_types=True, features_todrop=[],
                                      id_columns=[],
                                      ml_usecase='classification',
                                      numerical_features=['yearsAtCompany'],
                                      target='turnover', time_features=[])),
                ('imputer',
                 Simple_Imputer(categorical_strategy='not_available',
                                fill_value_categorical=None,
                                fill_value_numerical=...
                ('P_transform', 'passthrough'), ('binn', 'passthrough'),
                ('rem_outliers', 'passthrough'), ('cluster_all', 'passthrough'),
                ('dummy', Dummify(target='turnover')),
                ('fix_perfect', Remove_100(target='turnover')),
                ('clean_names', Clean_Colum_Names()),
                ('feature_select', 'passthrough'), ('fix_multi', 'passthrough'),
                ('dfs', 'passthrough'), ('pca', 'passthrough')],
         verbose=False)
2022-01-16 13:40:30,287:INFO:setup() succesfully completed......................................
2022-01-16 13:53:56,121:INFO:Initializing compare_models()
2022-01-16 13:53:56,121:INFO:compare_models(include=None, fold=5, round=4, cross_validation=True, sort=AUC, n_select=1, budget_time=None, turbo=True, errors=ignore, fit_kwargs=None, groups=None, probability_threshold=None, verbose=True, display=None, exclude=None)
2022-01-16 13:53:56,121:INFO:Checking exceptions
2022-01-16 13:53:56,123:INFO:Preparing display monitor
2022-01-16 13:53:56,123:INFO:Preparing display monitor
2022-01-16 13:53:56,176:INFO:Initializing Logistic Regression
2022-01-16 13:53:56,176:INFO:Total runtime is 0.0 minutes
2022-01-16 13:53:56,189:INFO:SubProcess create_model() called ==================================
2022-01-16 13:53:56,191:INFO:Initializing create_model()
2022-01-16 13:53:56,191:INFO:create_model(estimator=lr, fold=StratifiedKFold(n_splits=5, random_state=None, shuffle=False), round=4, cross_validation=True, predict=True, fit_kwargs={}, groups=None, refit=False, verbose=False, system=False, metrics=None, add_to_model_list=True, probability_threshold=None, display=<pycaret.internal.Display.Display object at 0x000001B5B3EB4A00>, kwargs={})
2022-01-16 13:53:56,191:INFO:Checking exceptions
2022-01-16 13:53:56,191:INFO:Importing libraries
2022-01-16 13:53:56,191:INFO:Copying training dataset
2022-01-16 13:53:56,192:INFO:Defining folds
2022-01-16 13:53:56,192:INFO:Declaring metric variables
2022-01-16 13:53:56,204:INFO:Importing untrained model
2022-01-16 13:53:56,214:INFO:Logistic Regression Imported succesfully
2022-01-16 13:53:56,243:INFO:Starting cross validation
2022-01-16 13:53:56,244:INFO:Cross validating with StratifiedKFold(n_splits=5, random_state=None, shuffle=False), n_jobs=-1
2022-01-16 13:54:02,827:INFO:Calculating mean and std
2022-01-16 13:54:02,828:INFO:Creating metrics dataframe
2022-01-16 13:54:02,842:INFO:Uploading results into container
2022-01-16 13:54:02,842:INFO:Uploading model into container now
2022-01-16 13:54:02,843:INFO:create_model_container: 1
2022-01-16 13:54:02,843:INFO:master_model_container: 1
2022-01-16 13:54:02,843:INFO:display_container: 2
2022-01-16 13:54:02,844:INFO:LogisticRegression(C=1.0, class_weight=None, dual=False, fit_intercept=True,
                   intercept_scaling=1, l1_ratio=None, max_iter=1000,
                   multi_class='auto', n_jobs=None, penalty='l2',
                   random_state=4314, solver='lbfgs', tol=0.0001, verbose=0,
                   warm_start=False)
2022-01-16 13:54:02,845:INFO:create_model() succesfully completed......................................
2022-01-16 13:54:02,969:INFO:SubProcess create_model() end ==================================
2022-01-16 13:54:02,969:INFO:Creating metrics dataframe
2022-01-16 13:54:02,994:INFO:Initializing K Neighbors Classifier
2022-01-16 13:54:02,994:INFO:Total runtime is 0.11364037195841471 minutes
2022-01-16 13:54:03,011:INFO:SubProcess create_model() called ==================================
2022-01-16 13:54:03,012:INFO:Initializing create_model()
2022-01-16 13:54:03,012:INFO:create_model(estimator=knn, fold=StratifiedKFold(n_splits=5, random_state=None, shuffle=False), round=4, cross_validation=True, predict=True, fit_kwargs={}, groups=None, refit=False, verbose=False, system=False, metrics=None, add_to_model_list=True, probability_threshold=None, display=<pycaret.internal.Display.Display object at 0x000001B5B3EB4A00>, kwargs={})
2022-01-16 13:54:03,012:INFO:Checking exceptions
2022-01-16 13:54:03,013:INFO:Importing libraries
2022-01-16 13:54:03,013:INFO:Copying training dataset
2022-01-16 13:54:03,014:INFO:Defining folds
2022-01-16 13:54:03,015:INFO:Declaring metric variables
2022-01-16 13:54:03,033:INFO:Importing untrained model
2022-01-16 13:54:03,045:INFO:K Neighbors Classifier Imported succesfully
2022-01-16 13:54:03,072:INFO:Starting cross validation
2022-01-16 13:54:03,074:INFO:Cross validating with StratifiedKFold(n_splits=5, random_state=None, shuffle=False), n_jobs=-1
2022-01-16 13:54:07,449:INFO:Calculating mean and std
2022-01-16 13:54:07,451:INFO:Creating metrics dataframe
2022-01-16 13:54:07,459:INFO:Uploading results into container
2022-01-16 13:54:07,461:INFO:Uploading model into container now
2022-01-16 13:54:07,461:INFO:create_model_container: 2
2022-01-16 13:54:07,461:INFO:master_model_container: 2
2022-01-16 13:54:07,461:INFO:display_container: 2
2022-01-16 13:54:07,462:INFO:KNeighborsClassifier(algorithm='auto', leaf_size=30, metric='minkowski',
                     metric_params=None, n_jobs=-1, n_neighbors=5, p=2,
                     weights='uniform')
2022-01-16 13:54:07,462:INFO:create_model() succesfully completed......................................
2022-01-16 13:54:07,561:INFO:SubProcess create_model() end ==================================
2022-01-16 13:54:07,561:INFO:Creating metrics dataframe
2022-01-16 13:54:07,587:INFO:Initializing Naive Bayes
2022-01-16 13:54:07,588:INFO:Total runtime is 0.1902085781097412 minutes
2022-01-16 13:54:07,607:INFO:SubProcess create_model() called ==================================
2022-01-16 13:54:07,607:INFO:Initializing create_model()
2022-01-16 13:54:07,608:INFO:create_model(estimator=nb, fold=StratifiedKFold(n_splits=5, random_state=None, shuffle=False), round=4, cross_validation=True, predict=True, fit_kwargs={}, groups=None, refit=False, verbose=False, system=False, metrics=None, add_to_model_list=True, probability_threshold=None, display=<pycaret.internal.Display.Display object at 0x000001B5B3EB4A00>, kwargs={})
2022-01-16 13:54:07,608:INFO:Checking exceptions
2022-01-16 13:54:07,608:INFO:Importing libraries
2022-01-16 13:54:07,608:INFO:Copying training dataset
2022-01-16 13:54:07,610:INFO:Defining folds
2022-01-16 13:54:07,610:INFO:Declaring metric variables
2022-01-16 13:54:07,628:INFO:Importing untrained model
2022-01-16 13:54:07,644:INFO:Naive Bayes Imported succesfully
2022-01-16 13:54:07,678:INFO:Starting cross validation
2022-01-16 13:54:07,679:INFO:Cross validating with StratifiedKFold(n_splits=5, random_state=None, shuffle=False), n_jobs=-1
2022-01-16 13:54:07,785:INFO:Calculating mean and std
2022-01-16 13:54:07,787:INFO:Creating metrics dataframe
2022-01-16 13:54:07,793:INFO:Uploading results into container
2022-01-16 13:54:07,793:INFO:Uploading model into container now
2022-01-16 13:54:07,793:INFO:create_model_container: 3
2022-01-16 13:54:07,794:INFO:master_model_container: 3
2022-01-16 13:54:07,794:INFO:display_container: 2
2022-01-16 13:54:07,794:INFO:GaussianNB(priors=None, var_smoothing=1e-09)
2022-01-16 13:54:07,794:INFO:create_model() succesfully completed......................................
2022-01-16 13:54:07,883:INFO:SubProcess create_model() end ==================================
2022-01-16 13:54:07,883:INFO:Creating metrics dataframe
2022-01-16 13:54:07,917:INFO:Initializing Decision Tree Classifier
2022-01-16 13:54:07,918:INFO:Total runtime is 0.1957096775372823 minutes
2022-01-16 13:54:07,935:INFO:SubProcess create_model() called ==================================
2022-01-16 13:54:07,935:INFO:Initializing create_model()
2022-01-16 13:54:07,935:INFO:create_model(estimator=dt, fold=StratifiedKFold(n_splits=5, random_state=None, shuffle=False), round=4, cross_validation=True, predict=True, fit_kwargs={}, groups=None, refit=False, verbose=False, system=False, metrics=None, add_to_model_list=True, probability_threshold=None, display=<pycaret.internal.Display.Display object at 0x000001B5B3EB4A00>, kwargs={})
2022-01-16 13:54:07,935:INFO:Checking exceptions
2022-01-16 13:54:07,935:INFO:Importing libraries
2022-01-16 13:54:07,935:INFO:Copying training dataset
2022-01-16 13:54:07,936:INFO:Defining folds
2022-01-16 13:54:07,937:INFO:Declaring metric variables
2022-01-16 13:54:07,952:INFO:Importing untrained model
2022-01-16 13:54:07,971:INFO:Decision Tree Classifier Imported succesfully
2022-01-16 13:54:08,003:INFO:Starting cross validation
2022-01-16 13:54:08,005:INFO:Cross validating with StratifiedKFold(n_splits=5, random_state=None, shuffle=False), n_jobs=-1
2022-01-16 13:54:08,186:INFO:Calculating mean and std
2022-01-16 13:54:08,188:INFO:Creating metrics dataframe
2022-01-16 13:54:08,196:INFO:Uploading results into container
2022-01-16 13:54:08,196:INFO:Uploading model into container now
2022-01-16 13:54:08,196:INFO:create_model_container: 4
2022-01-16 13:54:08,196:INFO:master_model_container: 4
2022-01-16 13:54:08,197:INFO:display_container: 2
2022-01-16 13:54:08,198:INFO:DecisionTreeClassifier(ccp_alpha=0.0, class_weight=None, criterion='gini',
                       max_depth=None, max_features=None, max_leaf_nodes=None,
                       min_impurity_decrease=0.0, min_impurity_split=None,
                       min_samples_leaf=1, min_samples_split=2,
                       min_weight_fraction_leaf=0.0, presort='deprecated',
                       random_state=4314, splitter='best')
2022-01-16 13:54:08,198:INFO:create_model() succesfully completed......................................
2022-01-16 13:54:08,296:INFO:SubProcess create_model() end ==================================
2022-01-16 13:54:08,297:INFO:Creating metrics dataframe
2022-01-16 13:54:08,332:INFO:Initializing SVM - Linear Kernel
2022-01-16 13:54:08,332:INFO:Total runtime is 0.20259590943654376 minutes
2022-01-16 13:54:08,350:INFO:SubProcess create_model() called ==================================
2022-01-16 13:54:08,351:INFO:Initializing create_model()
2022-01-16 13:54:08,351:INFO:create_model(estimator=svm, fold=StratifiedKFold(n_splits=5, random_state=None, shuffle=False), round=4, cross_validation=True, predict=True, fit_kwargs={}, groups=None, refit=False, verbose=False, system=False, metrics=None, add_to_model_list=True, probability_threshold=None, display=<pycaret.internal.Display.Display object at 0x000001B5B3EB4A00>, kwargs={})
2022-01-16 13:54:08,352:INFO:Checking exceptions
2022-01-16 13:54:08,353:INFO:Importing libraries
2022-01-16 13:54:08,353:INFO:Copying training dataset
2022-01-16 13:54:08,354:INFO:Defining folds
2022-01-16 13:54:08,355:INFO:Declaring metric variables
2022-01-16 13:54:08,375:INFO:Importing untrained model
2022-01-16 13:54:08,393:INFO:SVM - Linear Kernel Imported succesfully
2022-01-16 13:54:08,435:INFO:Starting cross validation
2022-01-16 13:54:08,436:INFO:Cross validating with StratifiedKFold(n_splits=5, random_state=None, shuffle=False), n_jobs=-1
2022-01-16 13:54:09,207:INFO:Calculating mean and std
2022-01-16 13:54:09,209:INFO:Creating metrics dataframe
2022-01-16 13:54:09,220:INFO:Uploading results into container
2022-01-16 13:54:09,220:INFO:Uploading model into container now
2022-01-16 13:54:09,221:INFO:create_model_container: 5
2022-01-16 13:54:09,221:INFO:master_model_container: 5
2022-01-16 13:54:09,221:INFO:display_container: 2
2022-01-16 13:54:09,223:INFO:SGDClassifier(alpha=0.0001, average=False, class_weight=None,
              early_stopping=False, epsilon=0.1, eta0=0.001, fit_intercept=True,
              l1_ratio=0.15, learning_rate='optimal', loss='hinge',
              max_iter=1000, n_iter_no_change=5, n_jobs=-1, penalty='l2',
              power_t=0.5, random_state=4314, shuffle=True, tol=0.001,
              validation_fraction=0.1, verbose=0, warm_start=False)
2022-01-16 13:54:09,223:INFO:create_model() succesfully completed......................................
2022-01-16 13:54:09,340:INFO:SubProcess create_model() end ==================================
2022-01-16 13:54:09,340:INFO:Creating metrics dataframe
2022-01-16 13:54:09,389:INFO:Initializing Ridge Classifier
2022-01-16 13:54:09,389:INFO:Total runtime is 0.22021400928497312 minutes
2022-01-16 13:54:09,412:INFO:SubProcess create_model() called ==================================
2022-01-16 13:54:09,414:INFO:Initializing create_model()
2022-01-16 13:54:09,414:INFO:create_model(estimator=ridge, fold=StratifiedKFold(n_splits=5, random_state=None, shuffle=False), round=4, cross_validation=True, predict=True, fit_kwargs={}, groups=None, refit=False, verbose=False, system=False, metrics=None, add_to_model_list=True, probability_threshold=None, display=<pycaret.internal.Display.Display object at 0x000001B5B3EB4A00>, kwargs={})
2022-01-16 13:54:09,414:INFO:Checking exceptions
2022-01-16 13:54:09,416:INFO:Importing libraries
2022-01-16 13:54:09,416:INFO:Copying training dataset
2022-01-16 13:54:09,418:INFO:Defining folds
2022-01-16 13:54:09,418:INFO:Declaring metric variables
2022-01-16 13:54:09,445:INFO:Importing untrained model
2022-01-16 13:54:09,477:INFO:Ridge Classifier Imported succesfully
2022-01-16 13:54:09,525:INFO:Starting cross validation
2022-01-16 13:54:09,527:INFO:Cross validating with StratifiedKFold(n_splits=5, random_state=None, shuffle=False), n_jobs=-1
2022-01-16 13:54:09,704:INFO:Calculating mean and std
2022-01-16 13:54:09,706:INFO:Creating metrics dataframe
2022-01-16 13:54:09,718:INFO:Uploading results into container
2022-01-16 13:54:09,719:INFO:Uploading model into container now
2022-01-16 13:54:09,719:INFO:create_model_container: 6
2022-01-16 13:54:09,720:INFO:master_model_container: 6
2022-01-16 13:54:09,720:INFO:display_container: 2
2022-01-16 13:54:09,721:INFO:RidgeClassifier(alpha=1.0, class_weight=None, copy_X=True, fit_intercept=True,
                max_iter=None, normalize=False, random_state=4314,
                solver='auto', tol=0.001)
2022-01-16 13:54:09,721:INFO:create_model() succesfully completed......................................
2022-01-16 13:54:09,846:INFO:SubProcess create_model() end ==================================
2022-01-16 13:54:09,846:INFO:Creating metrics dataframe
2022-01-16 13:54:09,917:INFO:Initializing Random Forest Classifier
2022-01-16 13:54:09,917:INFO:Total runtime is 0.22902399698893228 minutes
2022-01-16 13:54:09,953:INFO:SubProcess create_model() called ==================================
2022-01-16 13:54:09,955:INFO:Initializing create_model()
2022-01-16 13:54:09,955:INFO:create_model(estimator=rf, fold=StratifiedKFold(n_splits=5, random_state=None, shuffle=False), round=4, cross_validation=True, predict=True, fit_kwargs={}, groups=None, refit=False, verbose=False, system=False, metrics=None, add_to_model_list=True, probability_threshold=None, display=<pycaret.internal.Display.Display object at 0x000001B5B3EB4A00>, kwargs={})
2022-01-16 13:54:09,956:INFO:Checking exceptions
2022-01-16 13:54:09,956:INFO:Importing libraries
2022-01-16 13:54:09,956:INFO:Copying training dataset
2022-01-16 13:54:09,959:INFO:Defining folds
2022-01-16 13:54:09,960:INFO:Declaring metric variables
2022-01-16 13:54:09,991:INFO:Importing untrained model
2022-01-16 13:54:10,024:INFO:Random Forest Classifier Imported succesfully
2022-01-16 13:54:10,083:INFO:Starting cross validation
2022-01-16 13:54:10,086:INFO:Cross validating with StratifiedKFold(n_splits=5, random_state=None, shuffle=False), n_jobs=-1
2022-01-16 13:54:16,021:INFO:Calculating mean and std
2022-01-16 13:54:16,022:INFO:Creating metrics dataframe
2022-01-16 13:54:16,035:INFO:Uploading results into container
2022-01-16 13:54:16,035:INFO:Uploading model into container now
2022-01-16 13:54:16,036:INFO:create_model_container: 7
2022-01-16 13:54:16,036:INFO:master_model_container: 7
2022-01-16 13:54:16,036:INFO:display_container: 2
2022-01-16 13:54:16,038:INFO:RandomForestClassifier(bootstrap=True, ccp_alpha=0.0, class_weight=None,
                       criterion='gini', max_depth=None, max_features='auto',
                       max_leaf_nodes=None, max_samples=None,
                       min_impurity_decrease=0.0, min_impurity_split=None,
                       min_samples_leaf=1, min_samples_split=2,
                       min_weight_fraction_leaf=0.0, n_estimators=100,
                       n_jobs=-1, oob_score=False, random_state=4314, verbose=0,
                       warm_start=False)
2022-01-16 13:54:16,038:INFO:create_model() succesfully completed......................................
2022-01-16 13:54:16,149:INFO:SubProcess create_model() end ==================================
2022-01-16 13:54:16,149:INFO:Creating metrics dataframe
2022-01-16 13:54:16,194:INFO:Initializing Quadratic Discriminant Analysis
2022-01-16 13:54:16,195:INFO:Total runtime is 0.33363866011301674 minutes
2022-01-16 13:54:16,216:INFO:SubProcess create_model() called ==================================
2022-01-16 13:54:16,216:INFO:Initializing create_model()
2022-01-16 13:54:16,216:INFO:create_model(estimator=qda, fold=StratifiedKFold(n_splits=5, random_state=None, shuffle=False), round=4, cross_validation=True, predict=True, fit_kwargs={}, groups=None, refit=False, verbose=False, system=False, metrics=None, add_to_model_list=True, probability_threshold=None, display=<pycaret.internal.Display.Display object at 0x000001B5B3EB4A00>, kwargs={})
2022-01-16 13:54:16,217:INFO:Checking exceptions
2022-01-16 13:54:16,217:INFO:Importing libraries
2022-01-16 13:54:16,217:INFO:Copying training dataset
2022-01-16 13:54:16,219:INFO:Defining folds
2022-01-16 13:54:16,219:INFO:Declaring metric variables
2022-01-16 13:54:16,243:INFO:Importing untrained model
2022-01-16 13:54:16,268:INFO:Quadratic Discriminant Analysis Imported succesfully
2022-01-16 13:54:16,310:INFO:Starting cross validation
2022-01-16 13:54:16,312:INFO:Cross validating with StratifiedKFold(n_splits=5, random_state=None, shuffle=False), n_jobs=-1
2022-01-16 13:54:16,492:INFO:Calculating mean and std
2022-01-16 13:54:16,495:INFO:Creating metrics dataframe
2022-01-16 13:54:16,508:INFO:Uploading results into container
2022-01-16 13:54:16,509:INFO:Uploading model into container now
2022-01-16 13:54:16,509:INFO:create_model_container: 8
2022-01-16 13:54:16,510:INFO:master_model_container: 8
2022-01-16 13:54:16,510:INFO:display_container: 2
2022-01-16 13:54:16,511:INFO:QuadraticDiscriminantAnalysis(priors=None, reg_param=0.0,
                              store_covariance=False, tol=0.0001)
2022-01-16 13:54:16,512:INFO:create_model() succesfully completed......................................
2022-01-16 13:54:16,653:INFO:SubProcess create_model() end ==================================
2022-01-16 13:54:16,653:INFO:Creating metrics dataframe
2022-01-16 13:54:16,712:INFO:Initializing Ada Boost Classifier
2022-01-16 13:54:16,712:INFO:Total runtime is 0.3422759652137756 minutes
2022-01-16 13:54:16,737:INFO:SubProcess create_model() called ==================================
2022-01-16 13:54:16,738:INFO:Initializing create_model()
2022-01-16 13:54:16,738:INFO:create_model(estimator=ada, fold=StratifiedKFold(n_splits=5, random_state=None, shuffle=False), round=4, cross_validation=True, predict=True, fit_kwargs={}, groups=None, refit=False, verbose=False, system=False, metrics=None, add_to_model_list=True, probability_threshold=None, display=<pycaret.internal.Display.Display object at 0x000001B5B3EB4A00>, kwargs={})
2022-01-16 13:54:16,739:INFO:Checking exceptions
2022-01-16 13:54:16,739:INFO:Importing libraries
2022-01-16 13:54:16,740:INFO:Copying training dataset
2022-01-16 13:54:16,743:INFO:Defining folds
2022-01-16 13:54:16,743:INFO:Declaring metric variables
2022-01-16 13:54:16,768:INFO:Importing untrained model
2022-01-16 13:54:16,796:INFO:Ada Boost Classifier Imported succesfully
2022-01-16 13:54:16,843:INFO:Starting cross validation
2022-01-16 13:54:16,844:INFO:Cross validating with StratifiedKFold(n_splits=5, random_state=None, shuffle=False), n_jobs=-1
2022-01-16 13:54:18,457:INFO:Calculating mean and std
2022-01-16 13:54:18,460:INFO:Creating metrics dataframe
2022-01-16 13:54:18,476:INFO:Uploading results into container
2022-01-16 13:54:18,476:INFO:Uploading model into container now
2022-01-16 13:54:18,477:INFO:create_model_container: 9
2022-01-16 13:54:18,477:INFO:master_model_container: 9
2022-01-16 13:54:18,478:INFO:display_container: 2
2022-01-16 13:54:18,479:INFO:AdaBoostClassifier(algorithm='SAMME.R', base_estimator=None, learning_rate=1.0,
                   n_estimators=50, random_state=4314)
2022-01-16 13:54:18,480:INFO:create_model() succesfully completed......................................
2022-01-16 13:54:18,665:INFO:SubProcess create_model() end ==================================
2022-01-16 13:54:18,665:INFO:Creating metrics dataframe
2022-01-16 13:54:18,742:INFO:Initializing Gradient Boosting Classifier
2022-01-16 13:54:18,742:INFO:Total runtime is 0.3761064092318217 minutes
2022-01-16 13:54:18,773:INFO:SubProcess create_model() called ==================================
2022-01-16 13:54:18,775:INFO:Initializing create_model()
2022-01-16 13:54:18,776:INFO:create_model(estimator=gbc, fold=StratifiedKFold(n_splits=5, random_state=None, shuffle=False), round=4, cross_validation=True, predict=True, fit_kwargs={}, groups=None, refit=False, verbose=False, system=False, metrics=None, add_to_model_list=True, probability_threshold=None, display=<pycaret.internal.Display.Display object at 0x000001B5B3EB4A00>, kwargs={})
2022-01-16 13:54:18,776:INFO:Checking exceptions
2022-01-16 13:54:18,776:INFO:Importing libraries
2022-01-16 13:54:18,776:INFO:Copying training dataset
2022-01-16 13:54:18,780:INFO:Defining folds
2022-01-16 13:54:18,780:INFO:Declaring metric variables
2022-01-16 13:54:18,810:INFO:Importing untrained model
2022-01-16 13:54:18,846:INFO:Gradient Boosting Classifier Imported succesfully
2022-01-16 13:54:18,905:INFO:Starting cross validation
2022-01-16 13:54:18,907:INFO:Cross validating with StratifiedKFold(n_splits=5, random_state=None, shuffle=False), n_jobs=-1
2022-01-16 13:54:22,454:INFO:Calculating mean and std
2022-01-16 13:54:22,456:INFO:Creating metrics dataframe
2022-01-16 13:54:22,467:INFO:Uploading results into container
2022-01-16 13:54:22,467:INFO:Uploading model into container now
2022-01-16 13:54:22,468:INFO:create_model_container: 10
2022-01-16 13:54:22,468:INFO:master_model_container: 10
2022-01-16 13:54:22,468:INFO:display_container: 2
2022-01-16 13:54:22,469:INFO:GradientBoostingClassifier(ccp_alpha=0.0, criterion='friedman_mse', init=None,
                           learning_rate=0.1, loss='deviance', max_depth=3,
                           max_features=None, max_leaf_nodes=None,
                           min_impurity_decrease=0.0, min_impurity_split=None,
                           min_samples_leaf=1, min_samples_split=2,
                           min_weight_fraction_leaf=0.0, n_estimators=100,
                           n_iter_no_change=None, presort='deprecated',
                           random_state=4314, subsample=1.0, tol=0.0001,
                           validation_fraction=0.1, verbose=0,
                           warm_start=False)
2022-01-16 13:54:22,469:INFO:create_model() succesfully completed......................................
2022-01-16 13:54:22,577:INFO:SubProcess create_model() end ==================================
2022-01-16 13:54:22,578:INFO:Creating metrics dataframe
2022-01-16 13:54:22,624:INFO:Initializing Linear Discriminant Analysis
2022-01-16 13:54:22,625:INFO:Total runtime is 0.4408204793930054 minutes
2022-01-16 13:54:22,648:INFO:SubProcess create_model() called ==================================
2022-01-16 13:54:22,649:INFO:Initializing create_model()
2022-01-16 13:54:22,649:INFO:create_model(estimator=lda, fold=StratifiedKFold(n_splits=5, random_state=None, shuffle=False), round=4, cross_validation=True, predict=True, fit_kwargs={}, groups=None, refit=False, verbose=False, system=False, metrics=None, add_to_model_list=True, probability_threshold=None, display=<pycaret.internal.Display.Display object at 0x000001B5B3EB4A00>, kwargs={})
2022-01-16 13:54:22,651:INFO:Checking exceptions
2022-01-16 13:54:22,651:INFO:Importing libraries
2022-01-16 13:54:22,651:INFO:Copying training dataset
2022-01-16 13:54:22,652:INFO:Defining folds
2022-01-16 13:54:22,653:INFO:Declaring metric variables
2022-01-16 13:54:22,676:INFO:Importing untrained model
2022-01-16 13:54:22,708:INFO:Linear Discriminant Analysis Imported succesfully
2022-01-16 13:54:22,766:INFO:Starting cross validation
2022-01-16 13:54:22,769:INFO:Cross validating with StratifiedKFold(n_splits=5, random_state=None, shuffle=False), n_jobs=-1
2022-01-16 13:54:22,990:INFO:Calculating mean and std
2022-01-16 13:54:22,993:INFO:Creating metrics dataframe
2022-01-16 13:54:23,002:INFO:Uploading results into container
2022-01-16 13:54:23,004:INFO:Uploading model into container now
2022-01-16 13:54:23,004:INFO:create_model_container: 11
2022-01-16 13:54:23,004:INFO:master_model_container: 11
2022-01-16 13:54:23,005:INFO:display_container: 2
2022-01-16 13:54:23,005:INFO:LinearDiscriminantAnalysis(n_components=None, priors=None, shrinkage=None,
                           solver='svd', store_covariance=False, tol=0.0001)
2022-01-16 13:54:23,005:INFO:create_model() succesfully completed......................................
2022-01-16 13:54:23,122:INFO:SubProcess create_model() end ==================================
2022-01-16 13:54:23,122:INFO:Creating metrics dataframe
2022-01-16 13:54:23,173:INFO:Initializing Extra Trees Classifier
2022-01-16 13:54:23,174:INFO:Total runtime is 0.44996894598007203 minutes
2022-01-16 13:54:23,195:INFO:SubProcess create_model() called ==================================
2022-01-16 13:54:23,196:INFO:Initializing create_model()
2022-01-16 13:54:23,196:INFO:create_model(estimator=et, fold=StratifiedKFold(n_splits=5, random_state=None, shuffle=False), round=4, cross_validation=True, predict=True, fit_kwargs={}, groups=None, refit=False, verbose=False, system=False, metrics=None, add_to_model_list=True, probability_threshold=None, display=<pycaret.internal.Display.Display object at 0x000001B5B3EB4A00>, kwargs={})
2022-01-16 13:54:23,197:INFO:Checking exceptions
2022-01-16 13:54:23,197:INFO:Importing libraries
2022-01-16 13:54:23,197:INFO:Copying training dataset
2022-01-16 13:54:23,200:INFO:Defining folds
2022-01-16 13:54:23,200:INFO:Declaring metric variables
2022-01-16 13:54:23,223:INFO:Importing untrained model
2022-01-16 13:54:23,250:INFO:Extra Trees Classifier Imported succesfully
2022-01-16 13:54:23,290:INFO:Starting cross validation
2022-01-16 13:54:23,291:INFO:Cross validating with StratifiedKFold(n_splits=5, random_state=None, shuffle=False), n_jobs=-1
2022-01-16 13:54:27,255:INFO:Calculating mean and std
2022-01-16 13:54:27,257:INFO:Creating metrics dataframe
2022-01-16 13:54:27,270:INFO:Uploading results into container
2022-01-16 13:54:27,270:INFO:Uploading model into container now
2022-01-16 13:54:27,271:INFO:create_model_container: 12
2022-01-16 13:54:27,271:INFO:master_model_container: 12
2022-01-16 13:54:27,271:INFO:display_container: 2
2022-01-16 13:54:27,273:INFO:ExtraTreesClassifier(bootstrap=False, ccp_alpha=0.0, class_weight=None,
                     criterion='gini', max_depth=None, max_features='auto',
                     max_leaf_nodes=None, max_samples=None,
                     min_impurity_decrease=0.0, min_impurity_split=None,
                     min_samples_leaf=1, min_samples_split=2,
                     min_weight_fraction_leaf=0.0, n_estimators=100, n_jobs=-1,
                     oob_score=False, random_state=4314, verbose=0,
                     warm_start=False)
2022-01-16 13:54:27,273:INFO:create_model() succesfully completed......................................
2022-01-16 13:54:27,380:INFO:SubProcess create_model() end ==================================
2022-01-16 13:54:27,383:INFO:Creating metrics dataframe
2022-01-16 13:54:27,432:INFO:Initializing Light Gradient Boosting Machine
2022-01-16 13:54:27,433:INFO:Total runtime is 0.520951247215271 minutes
2022-01-16 13:54:27,453:INFO:SubProcess create_model() called ==================================
2022-01-16 13:54:27,454:INFO:Initializing create_model()
2022-01-16 13:54:27,454:INFO:create_model(estimator=lightgbm, fold=StratifiedKFold(n_splits=5, random_state=None, shuffle=False), round=4, cross_validation=True, predict=True, fit_kwargs={}, groups=None, refit=False, verbose=False, system=False, metrics=None, add_to_model_list=True, probability_threshold=None, display=<pycaret.internal.Display.Display object at 0x000001B5B3EB4A00>, kwargs={})
2022-01-16 13:54:27,455:INFO:Checking exceptions
2022-01-16 13:54:27,455:INFO:Importing libraries
2022-01-16 13:54:27,455:INFO:Copying training dataset
2022-01-16 13:54:27,457:INFO:Defining folds
2022-01-16 13:54:27,458:INFO:Declaring metric variables
2022-01-16 13:54:27,477:INFO:Importing untrained model
2022-01-16 13:54:27,501:INFO:Light Gradient Boosting Machine Imported succesfully
2022-01-16 13:54:27,551:INFO:Starting cross validation
2022-01-16 13:54:27,553:INFO:Cross validating with StratifiedKFold(n_splits=5, random_state=None, shuffle=False), n_jobs=-1
2022-01-16 13:54:30,909:INFO:Calculating mean and std
2022-01-16 13:54:30,912:INFO:Creating metrics dataframe
2022-01-16 13:54:30,924:INFO:Uploading results into container
2022-01-16 13:54:30,925:INFO:Uploading model into container now
2022-01-16 13:54:30,925:INFO:create_model_container: 13
2022-01-16 13:54:30,926:INFO:master_model_container: 13
2022-01-16 13:54:30,926:INFO:display_container: 2
2022-01-16 13:54:30,928:INFO:LGBMClassifier(boosting_type='gbdt', class_weight=None, colsample_bytree=1.0,
               importance_type='split', learning_rate=0.1, max_depth=-1,
               min_child_samples=20, min_child_weight=0.001, min_split_gain=0.0,
               n_estimators=100, n_jobs=-1, num_leaves=31, objective=None,
               random_state=4314, reg_alpha=0.0, reg_lambda=0.0, silent='warn',
               subsample=1.0, subsample_for_bin=200000, subsample_freq=0)
2022-01-16 13:54:30,929:INFO:create_model() succesfully completed......................................
2022-01-16 13:54:31,048:INFO:SubProcess create_model() end ==================================
2022-01-16 13:54:31,049:INFO:Creating metrics dataframe
2022-01-16 13:54:31,102:INFO:Initializing Dummy Classifier
2022-01-16 13:54:31,102:INFO:Total runtime is 0.5821058591206868 minutes
2022-01-16 13:54:31,123:INFO:SubProcess create_model() called ==================================
2022-01-16 13:54:31,124:INFO:Initializing create_model()
2022-01-16 13:54:31,124:INFO:create_model(estimator=dummy, fold=StratifiedKFold(n_splits=5, random_state=None, shuffle=False), round=4, cross_validation=True, predict=True, fit_kwargs={}, groups=None, refit=False, verbose=False, system=False, metrics=None, add_to_model_list=True, probability_threshold=None, display=<pycaret.internal.Display.Display object at 0x000001B5B3EB4A00>, kwargs={})
2022-01-16 13:54:31,125:INFO:Checking exceptions
2022-01-16 13:54:31,125:INFO:Importing libraries
2022-01-16 13:54:31,125:INFO:Copying training dataset
2022-01-16 13:54:31,128:INFO:Defining folds
2022-01-16 13:54:31,129:INFO:Declaring metric variables
2022-01-16 13:54:31,151:INFO:Importing untrained model
2022-01-16 13:54:31,174:INFO:Dummy Classifier Imported succesfully
2022-01-16 13:54:31,221:INFO:Starting cross validation
2022-01-16 13:54:31,223:INFO:Cross validating with StratifiedKFold(n_splits=5, random_state=None, shuffle=False), n_jobs=-1
2022-01-16 13:54:31,347:INFO:Calculating mean and std
2022-01-16 13:54:31,349:INFO:Creating metrics dataframe
2022-01-16 13:54:31,357:INFO:Uploading results into container
2022-01-16 13:54:31,357:INFO:Uploading model into container now
2022-01-16 13:54:31,358:INFO:create_model_container: 14
2022-01-16 13:54:31,358:INFO:master_model_container: 14
2022-01-16 13:54:31,358:INFO:display_container: 2
2022-01-16 13:54:31,358:INFO:DummyClassifier(constant=None, random_state=4314, strategy='prior')
2022-01-16 13:54:31,359:INFO:create_model() succesfully completed......................................
2022-01-16 13:54:31,468:INFO:SubProcess create_model() end ==================================
2022-01-16 13:54:31,468:INFO:Creating metrics dataframe
2022-01-16 13:54:31,577:INFO:Initializing create_model()
2022-01-16 13:54:31,577:INFO:create_model(estimator=LGBMClassifier(boosting_type='gbdt', class_weight=None, colsample_bytree=1.0,
               importance_type='split', learning_rate=0.1, max_depth=-1,
               min_child_samples=20, min_child_weight=0.001, min_split_gain=0.0,
               n_estimators=100, n_jobs=-1, num_leaves=31, objective=None,
               random_state=4314, reg_alpha=0.0, reg_lambda=0.0, silent='warn',
               subsample=1.0, subsample_for_bin=200000, subsample_freq=0), fold=StratifiedKFold(n_splits=5, random_state=None, shuffle=False), round=4, cross_validation=False, predict=False, fit_kwargs={}, groups=None, refit=True, verbose=False, system=False, metrics=None, add_to_model_list=True, probability_threshold=None, display=None, kwargs={})
2022-01-16 13:54:31,577:INFO:Checking exceptions
2022-01-16 13:54:31,578:INFO:Importing libraries
2022-01-16 13:54:31,578:INFO:Copying training dataset
2022-01-16 13:54:31,579:INFO:Defining folds
2022-01-16 13:54:31,580:INFO:Declaring metric variables
2022-01-16 13:54:31,580:INFO:Importing untrained model
2022-01-16 13:54:31,580:INFO:Declaring custom model
2022-01-16 13:54:31,583:INFO:Light Gradient Boosting Machine Imported succesfully
2022-01-16 13:54:31,585:INFO:Cross validation set to False
2022-01-16 13:54:31,585:INFO:Fitting Model
2022-01-16 13:54:32,034:INFO:LGBMClassifier(boosting_type='gbdt', class_weight=None, colsample_bytree=1.0,
               importance_type='split', learning_rate=0.1, max_depth=-1,
               min_child_samples=20, min_child_weight=0.001, min_split_gain=0.0,
               n_estimators=100, n_jobs=-1, num_leaves=31, objective=None,
               random_state=4314, reg_alpha=0.0, reg_lambda=0.0, silent='warn',
               subsample=1.0, subsample_for_bin=200000, subsample_freq=0)
2022-01-16 13:54:32,034:INFO:create_models() succesfully completed......................................
2022-01-16 13:54:32,305:INFO:create_model_container: 14
2022-01-16 13:54:32,306:INFO:master_model_container: 14
2022-01-16 13:54:32,306:INFO:display_container: 2
2022-01-16 13:54:32,307:INFO:LGBMClassifier(boosting_type='gbdt', class_weight=None, colsample_bytree=1.0,
               importance_type='split', learning_rate=0.1, max_depth=-1,
               min_child_samples=20, min_child_weight=0.001, min_split_gain=0.0,
               n_estimators=100, n_jobs=-1, num_leaves=31, objective=None,
               random_state=4314, reg_alpha=0.0, reg_lambda=0.0, silent='warn',
               subsample=1.0, subsample_for_bin=200000, subsample_freq=0)
2022-01-16 13:54:32,307:INFO:compare_models() succesfully completed......................................
2022-01-16 13:55:56,817:INFO:Initializing create_model()
2022-01-16 13:55:56,818:INFO:create_model(estimator=gbc, fold=5, round=4, cross_validation=True, predict=True, fit_kwargs=None, groups=None, refit=True, verbose=True, system=True, metrics=None, add_to_model_list=True, probability_threshold=None, display=None, kwargs={})
2022-01-16 13:55:56,818:INFO:Checking exceptions
2022-01-16 13:55:56,818:INFO:Preparing display monitor
2022-01-16 13:55:56,847:INFO:Importing libraries
2022-01-16 13:55:56,848:INFO:Copying training dataset
2022-01-16 13:55:56,849:INFO:Defining folds
2022-01-16 13:55:56,849:INFO:Declaring metric variables
2022-01-16 13:55:56,864:INFO:Importing untrained model
2022-01-16 13:55:56,877:INFO:Gradient Boosting Classifier Imported succesfully
2022-01-16 13:55:56,905:INFO:Starting cross validation
2022-01-16 13:55:56,906:INFO:Cross validating with StratifiedKFold(n_splits=5, random_state=None, shuffle=False), n_jobs=-1
2022-01-16 13:55:58,539:INFO:Calculating mean and std
2022-01-16 13:55:58,540:INFO:Creating metrics dataframe
2022-01-16 13:55:58,557:INFO:Finalizing model
2022-01-16 13:55:59,942:INFO:Uploading results into container
2022-01-16 13:55:59,942:INFO:Uploading model into container now
2022-01-16 13:55:59,958:INFO:create_model_container: 15
2022-01-16 13:55:59,958:INFO:master_model_container: 15
2022-01-16 13:55:59,958:INFO:display_container: 3
2022-01-16 13:55:59,959:INFO:GradientBoostingClassifier(ccp_alpha=0.0, criterion='friedman_mse', init=None,
                           learning_rate=0.1, loss='deviance', max_depth=3,
                           max_features=None, max_leaf_nodes=None,
                           min_impurity_decrease=0.0, min_impurity_split=None,
                           min_samples_leaf=1, min_samples_split=2,
                           min_weight_fraction_leaf=0.0, n_estimators=100,
                           n_iter_no_change=None, presort='deprecated',
                           random_state=4314, subsample=1.0, tol=0.0001,
                           validation_fraction=0.1, verbose=0,
                           warm_start=False)
2022-01-16 13:55:59,959:INFO:create_model() succesfully completed......................................
2022-01-16 13:57:40,377:INFO:Initializing predict_model()
2022-01-16 13:57:40,378:INFO:predict_model(estimator=GradientBoostingClassifier(ccp_alpha=0.0, criterion='friedman_mse', init=None,
                           learning_rate=0.1, loss='deviance', max_depth=3,
                           max_features=None, max_leaf_nodes=None,
                           min_impurity_decrease=0.0, min_impurity_split=None,
                           min_samples_leaf=1, min_samples_split=2,
                           min_weight_fraction_leaf=0.0, n_estimators=100,
                           n_iter_no_change=None, presort='deprecated',
                           random_state=4314, subsample=1.0, tol=0.0001,
                           validation_fraction=0.1, verbose=0,
                           warm_start=False), probability_threshold=None, encoded_labels=False, drift_report=False, raw_score=False, round=4, verbose=True, ml_usecase=MLUsecase.CLASSIFICATION, display=None)
2022-01-16 13:57:40,378:INFO:Checking exceptions
2022-01-16 13:57:40,378:INFO:Preloading libraries
2022-01-16 13:57:40,378:INFO:Preparing display monitor
2022-01-16 14:00:21,649:INFO:Initializing finalize_model()
2022-01-16 14:00:21,650:INFO:finalize_model(estimator=GradientBoostingClassifier(ccp_alpha=0.0, criterion='friedman_mse', init=None,
                           learning_rate=0.1, loss='deviance', max_depth=3,
                           max_features=None, max_leaf_nodes=None,
                           min_impurity_decrease=0.0, min_impurity_split=None,
                           min_samples_leaf=1, min_samples_split=2,
                           min_weight_fraction_leaf=0.0, n_estimators=100,
                           n_iter_no_change=None, presort='deprecated',
                           random_state=4314, subsample=1.0, tol=0.0001,
                           validation_fraction=0.1, verbose=0,
                           warm_start=False), fit_kwargs=None, groups=None, model_only=True, display=None)
2022-01-16 14:00:21,651:INFO:Finalizing GradientBoostingClassifier(ccp_alpha=0.0, criterion='friedman_mse', init=None,
                           learning_rate=0.1, loss='deviance', max_depth=3,
                           max_features=None, max_leaf_nodes=None,
                           min_impurity_decrease=0.0, min_impurity_split=None,
                           min_samples_leaf=1, min_samples_split=2,
                           min_weight_fraction_leaf=0.0, n_estimators=100,
                           n_iter_no_change=None, presort='deprecated',
                           random_state=4314, subsample=1.0, tol=0.0001,
                           validation_fraction=0.1, verbose=0,
                           warm_start=False)
2022-01-16 14:00:21,653:INFO:Initializing create_model()
2022-01-16 14:00:21,653:INFO:create_model(estimator=GradientBoostingClassifier(ccp_alpha=0.0, criterion='friedman_mse', init=None,
                           learning_rate=0.1, loss='deviance', max_depth=3,
                           max_features=None, max_leaf_nodes=None,
                           min_impurity_decrease=0.0, min_impurity_split=None,
                           min_samples_leaf=1, min_samples_split=2,
                           min_weight_fraction_leaf=0.0, n_estimators=100,
                           n_iter_no_change=None, presort='deprecated',
                           random_state=4314, subsample=1.0, tol=0.0001,
                           validation_fraction=0.1, verbose=0,
                           warm_start=False), fold=None, round=4, cross_validation=True, predict=True, fit_kwargs={}, groups=None, refit=True, verbose=False, system=False, metrics=None, add_to_model_list=False, probability_threshold=None, display=None, kwargs={})
2022-01-16 14:00:21,653:INFO:Checking exceptions
2022-01-16 14:00:21,653:INFO:Importing libraries
2022-01-16 14:00:21,653:INFO:Copying training dataset
2022-01-16 14:00:21,654:INFO:Defining folds
2022-01-16 14:00:21,654:INFO:Declaring metric variables
2022-01-16 14:00:21,654:INFO:Importing untrained model
2022-01-16 14:00:21,654:INFO:Declaring custom model
2022-01-16 14:00:21,656:INFO:Gradient Boosting Classifier Imported succesfully
2022-01-16 14:00:21,657:INFO:Starting cross validation
2022-01-16 14:00:21,658:INFO:Cross validating with StratifiedKFold(n_splits=10, random_state=None, shuffle=False), n_jobs=-1
2022-01-16 14:00:31,316:INFO:Calculating mean and std
2022-01-16 14:00:31,316:INFO:Creating metrics dataframe
2022-01-16 14:00:31,322:INFO:Finalizing model
2022-01-16 14:00:33,731:INFO:create_model_container: 15
2022-01-16 14:00:33,731:INFO:master_model_container: 15
2022-01-16 14:00:33,731:INFO:display_container: 4
2022-01-16 14:00:33,732:INFO:GradientBoostingClassifier(ccp_alpha=0.0, criterion='friedman_mse', init=None,
                           learning_rate=0.1, loss='deviance', max_depth=3,
                           max_features=None, max_leaf_nodes=None,
                           min_impurity_decrease=0.0, min_impurity_split=None,
                           min_samples_leaf=1, min_samples_split=2,
                           min_weight_fraction_leaf=0.0, n_estimators=100,
                           n_iter_no_change=None, presort='deprecated',
                           random_state=4314, subsample=1.0, tol=0.0001,
                           validation_fraction=0.1, verbose=0,
                           warm_start=False)
2022-01-16 14:00:33,732:INFO:create_model() succesfully completed......................................
2022-01-16 14:00:33,806:INFO:create_model_container: 15
2022-01-16 14:00:33,806:INFO:master_model_container: 15
2022-01-16 14:00:33,806:INFO:display_container: 3
2022-01-16 14:00:33,806:INFO:GradientBoostingClassifier(ccp_alpha=0.0, criterion='friedman_mse', init=None,
                           learning_rate=0.1, loss='deviance', max_depth=3,
                           max_features=None, max_leaf_nodes=None,
                           min_impurity_decrease=0.0, min_impurity_split=None,
                           min_samples_leaf=1, min_samples_split=2,
                           min_weight_fraction_leaf=0.0, n_estimators=100,
                           n_iter_no_change=None, presort='deprecated',
                           random_state=4314, subsample=1.0, tol=0.0001,
                           validation_fraction=0.1, verbose=0,
                           warm_start=False)
2022-01-16 14:00:33,806:INFO:finalize_model() succesfully completed......................................
2022-01-16 14:00:40,414:INFO:Initializing save_model()
2022-01-16 14:00:40,415:INFO:save_model(model=GradientBoostingClassifier(ccp_alpha=0.0, criterion='friedman_mse', init=None,
                           learning_rate=0.1, loss='deviance', max_depth=3,
                           max_features=None, max_leaf_nodes=None,
                           min_impurity_decrease=0.0, min_impurity_split=None,
                           min_samples_leaf=1, min_samples_split=2,
                           min_weight_fraction_leaf=0.0, n_estimators=100,
                           n_iter_no_change=None, presort='deprecated',
                           random_state=4314, subsample=1.0, tol=0.0001,
                           validation_fraction=0.1, verbose=0,
                           warm_start=False), model_name=model, prep_pipe_=Pipeline(memory=None,
         steps=[('dtypes',
                 DataTypes_Auto_infer(categorical_features=[],
                                      display_types=True, features_todrop=[],
                                      id_columns=[],
                                      ml_usecase='classification',
                                      numerical_features=['yearsAtCompany'],
                                      target='turnover', time_features=[])),
                ('imputer',
                 Simple_Imputer(categorical_strategy='not_available',
                                fill_value_categorical=None,
                                fill_value_numerical=...
                ('P_transform', 'passthrough'), ('binn', 'passthrough'),
                ('rem_outliers', 'passthrough'), ('cluster_all', 'passthrough'),
                ('dummy', Dummify(target='turnover')),
                ('fix_perfect', Remove_100(target='turnover')),
                ('clean_names', Clean_Colum_Names()),
                ('feature_select', 'passthrough'), ('fix_multi', 'passthrough'),
                ('dfs', 'passthrough'), ('pca', 'passthrough')],
         verbose=False), verbose=True, kwargs={})
2022-01-16 14:00:40,415:INFO:Adding model into prep_pipe
2022-01-16 14:00:40,429:INFO:model.pkl saved in current working directory
2022-01-16 14:00:40,436:INFO:Pipeline(memory=None,
         steps=[('dtypes',
                 DataTypes_Auto_infer(categorical_features=[],
                                      display_types=True, features_todrop=[],
                                      id_columns=[],
                                      ml_usecase='classification',
                                      numerical_features=['yearsAtCompany'],
                                      target='turnover', time_features=[])),
                ('imputer',
                 Simple_Imputer(categorical_strategy='not_available',
                                fill_value_categorical=None,
                                fill_value_numerical=...
                                            learning_rate=0.1, loss='deviance',
                                            max_depth=3, max_features=None,
                                            max_leaf_nodes=None,
                                            min_impurity_decrease=0.0,
                                            min_impurity_split=None,
                                            min_samples_leaf=1,
                                            min_samples_split=2,
                                            min_weight_fraction_leaf=0.0,
                                            n_estimators=100,
                                            n_iter_no_change=None,
                                            presort='deprecated',
                                            random_state=4314, subsample=1.0,
                                            tol=0.0001, validation_fraction=0.1,
                                            verbose=0, warm_start=False)]],
         verbose=False)
2022-01-16 14:00:40,436:INFO:save_model() successfully completed......................................
